<?xml version="1.0" encoding="UTF-8"?>
<!-- Generated by org.testng.reporters.JUnitXMLReporter -->
<testsuite hostname="PUNM0973" ignored="0" name="Default test" tests="3" failures="0" timestamp="12 Jun 2019 13:48:38 GMT" time="127.559" errors="0">
  <testcase name="verifyGoogleTitle" time="6.247" classname="BeforeAndAfter_TestAndMethod_Annotations.BeforeAfterClassAnnotation"/>
  <testcase name="verifyYahooTitle" time="105.924" classname="BeforeAndAfter_TestAndMethod_Annotations.BeforeAfterClassAnnotation"/>
  <testcase name="verifygcrShopTitle" time="8.305" classname="BeforeAndAfter_TestAndMethod_Annotations.BeforeAfterClassAnnotation"/>
</testsuite> <!-- Default test -->
