<?xml version="1.0" encoding="UTF-8"?>
<!-- Generated by org.testng.reporters.JUnitXMLReporter -->
<testsuite hostname="PUNM0973" ignored="3" tests="0" failures="0" timestamp="12 Jun 2019 14:41:03 GMT" time="0.01" errors="0">
  <testcase name="verifyYahooTitle" time="0.0" classname="BeforeAndAfter_TestAndMethod_Annotations.BeforeAfterMethodAnnotation">
    <ignored/>
  </testcase> <!-- verifyYahooTitle -->
  <testcase name="verifyGoogleTitle" time="0.0" classname="BeforeAndAfter_TestAndMethod_Annotations.BeforeAfterMethodAnnotation">
    <ignored/>
  </testcase> <!-- verifyGoogleTitle -->
  <testcase name="verifygcrShopTitle" time="0.0" classname="BeforeAndAfter_TestAndMethod_Annotations.BeforeAfterMethodAnnotation">
    <ignored/>
  </testcase> <!-- verifygcrShopTitle -->
</testsuite>
