<?xml version="1.0" encoding="UTF-8"?>
<!-- Generated by org.testng.reporters.JUnitXMLReporter -->
<testsuite hostname="PUNM0973" ignored="0" name="NewTest" tests="2" failures="1" timestamp="20 Jun 2019 14:23:54 GMT" time="0.084" errors="0">
  <testcase name="floginByEmail" time="0.021" classname="Listners.NewTest"/>
  <testcase name="loginByFacebook" time="0.006" classname="Listners.NewTest">
    <failure type="java.lang.AssertionError" message="expected [Dhote] but found [Sachin]">
      <![CDATA[java.lang.AssertionError: expected [Dhote] but found [Sachin]
at Listners.NewTest.loginByFacebook(NewTest.java:17)
... Removed 31 stack frames]]>
    </failure>
  </testcase> <!-- loginByFacebook -->
</testsuite> <!-- NewTest -->
